[2025-10-30T16:10:40.597Z] ERROR: option maxAge is invalid TypeError: option maxAge is invalid
    at Object.serialize (D:\backend Projects\chat app MERN\backend\node_modules\cookie\index.js:209:13)
    at res.cookie (D:\backend Projects\chat app MERN\backend\node_modules\express\lib\response.js:777:36)
    at createToken (D:\backend Projects\chat app MERN\backend\src\utils\createToken.js:8:7)
    at D:\backend Projects\chat app MERN\backend\src\controllers\auth.controller.js:20:17
    at process.processTicksAndRejections (node:internal/process/task_queues:105:5)
[2025-10-30T16:12:00.521Z] ERROR: option maxAge is invalid TypeError: option maxAge is invalid
    at Object.serialize (D:\backend Projects\chat app MERN\backend\node_modules\cookie\index.js:209:13)
    at res.cookie (D:\backend Projects\chat app MERN\backend\node_modules\express\lib\response.js:777:36)
    at createToken (D:\backend Projects\chat app MERN\backend\src\utils\createToken.js:8:7)
    at D:\backend Projects\chat app MERN\backend\src\controllers\auth.controller.js:20:17
    at process.processTicksAndRejections (node:internal/process/task_queues:105:5)
[2025-10-30T23:39:23.641Z] ERROR: Route not found: /api/auth/login Error: Route not found: /api/auth/login
    at notFound (D:\backend Projects\chat app MERN\backend\src\middlewares\globalErrorMiddleware.js:5:8)
    at Layer.handleRequest (D:\backend Projects\chat app MERN\backend\node_modules\router\lib\layer.js:152:17)
    at trimPrefix (D:\backend Projects\chat app MERN\backend\node_modules\router\index.js:342:13)
    at D:\backend Projects\chat app MERN\backend\node_modules\router\index.js:297:9
    at processParams (D:\backend Projects\chat app MERN\backend\node_modules\router\index.js:582:12)
    at next (D:\backend Projects\chat app MERN\backend\node_modules\router\index.js:291:5)
    at D:\backend Projects\chat app MERN\backend\node_modules\router\index.js:688:15
    at next (D:\backend Projects\chat app MERN\backend\node_modules\router\index.js:276:14)
    at Function.handle (D:\backend Projects\chat app MERN\backend\node_modules\router\index.js:186:3)
    at router (D:\backend Projects\chat app MERN\backend\node_modules\router\index.js:60:12)
[2025-11-01T14:25:03.488Z] ERROR: Image upload failed. Please try again. Error: Image upload failed. Please try again.
    at D:\backend Projects\chat app MERN\backend\src\controllers\auth.controller.js:143:19
    at process.processTicksAndRejections (node:internal/process/task_queues:105:5)
[2025-11-01T14:28:12.248Z] ERROR: Image upload failed. Please try again. Error: Image upload failed. Please try again.
    at D:\backend Projects\chat app MERN\backend\src\controllers\auth.controller.js:145:19
    at process.processTicksAndRejections (node:internal/process/task_queues:105:5)
[2025-11-01T14:29:00.106Z] ERROR: Image upload failed. Please try again. Error: Image upload failed. Please try again.
    at D:\backend Projects\chat app MERN\backend\src\controllers\auth.controller.js:145:19
    at process.processTicksAndRejections (node:internal/process/task_queues:105:5)
